* using log directory ‘/Users/christopherodoom/Desktop/My_R_Packages/binaryClass/binaryClass.Rcheck’
* using R version 4.4.3 (2025-02-28)
* using platform: aarch64-apple-darwin24.2.0
* R was compiled by
    Apple clang version 16.0.0 (clang-1600.0.26.6)
    GNU Fortran (Homebrew GCC 14.2.0_1) 14.2.0
* running under: macOS Sequoia 15.4
* using session charset: UTF-8
* using option ‘--as-cran’
* checking for file ‘binaryClass/DESCRIPTION’ ... OK
* checking extension type ... Package
* this is package ‘binaryClass’ version ‘1.0.0’
* package encoding: UTF-8
* checking CRAN incoming feasibility ... [3s/13s] WARNING
Maintainer: ‘Christopher Odoom & Denis Folitse <codoom@umass.edu><dfolitse@umass.edu>’

The maintainer field is invalid or specifies more than one person

New submission

This build time stamp is over a month old.
* checking package namespace information ... OK
* checking package dependencies ... OK
* checking if this is a source package ... OK
* checking if there is a namespace ... OK
* checking for executable files ... OK
* checking for hidden files and directories ... NOTE
Found the following hidden files and directories:
  .DS_Store
  ..Rcheck
These were most likely included in error. See section ‘Package
structure’ in the ‘Writing R Extensions’ manual.

CRAN-pack does not know about
  .DS_Store
  ..Rcheck
* checking for portable file names ... OK
* checking for sufficient/correct file permissions ... OK
* checking serialization versions ... WARNING
Found file(s) with version 3 serialization:
  ‘..Rcheck/binaryClass/Meta/Rd.rds’
  ‘..Rcheck/binaryClass/Meta/features.rds’
  ‘..Rcheck/binaryClass/Meta/hsearch.rds’
  ‘..Rcheck/binaryClass/Meta/links.rds’
  ‘..Rcheck/binaryClass/Meta/nsInfo.rds’
  ‘..Rcheck/binaryClass/Meta/package.rds’
  ‘..Rcheck/binaryClass/R/binaryClass.rdx’
  ‘..Rcheck/binaryClass/help/aliases.rds’
  ‘..Rcheck/binaryClass/help/binaryClass.rdx’
  ‘..Rcheck/binaryClass/help/paths.rds’
Such files are only readable in R >= 3.5.0.
Recreate them with R < 3.5.0 or save(version = 2) or saveRDS(version =
2) as appropriate
* checking whether package ‘binaryClass’ can be installed ... OK
* checking installed package size ... OK
* checking package directory ... OK
* checking for future file timestamps ... OK
* checking DESCRIPTION meta-information ... NOTE
License components which are templates and need '+ file LICENSE':
  MIT
* checking top-level files ... NOTE
Non-standard files/directories found at top level:
  ‘Rplots.pdf’ ‘binaryClass.Rcheck’
* checking for left-over files ... OK
* checking index information ... OK
* checking package subdirectories ... WARNING
Found the following directories with names of check directories:
  ./..Rcheck
  ./binaryClass.Rcheck
Most likely, these were included erroneously.
* checking code files for non-ASCII characters ... OK
* checking R files for syntax errors ... OK
* checking whether the package can be loaded ... OK
* checking whether the package can be loaded with stated dependencies ... OK
* checking whether the package can be unloaded cleanly ... OK
* checking whether the namespace can be loaded with stated dependencies ... OK
* checking whether the namespace can be unloaded cleanly ... OK
* checking loading without being on the library search path ... OK
* checking use of S3 registration ... OK
* checking dependencies in R code ... OK
* checking S3 generic/method consistency ... OK
* checking replacement functions ... OK
* checking foreign function calls ... OK
* checking R code for possible problems ... OK
* checking Rd files ... NOTE
prepare_Rd: OptimalModelSearch.Rd:63-65: Dropping empty section \note
prepare_Rd: OptimalModelSearch.Rd:56-58: Dropping empty section \references
prepare_Rd: OptimalModelSearch.Rd:69-72: Dropping empty section \seealso
* checking Rd metadata ... OK
* checking Rd line widths ... OK
* checking Rd cross-references ... OK
* checking for missing documentation entries ... OK
* checking for code/documentation mismatches ... WARNING
Codoc mismatches from Rd file 'OptimalModelSearch.Rd':
OptimalModelSearch
  Code: function(formula, data, criterion, training_percent = 0.8,
                 threshold = 0.5)
  Docs: function(formula, data, criterion = c("AUC", "Accuracy",
                 "AIC"), training_percent = 0.8, threshold = 0.5)
  Mismatches in argument default values:
    Name: 'criterion' Code:  Docs: c("AUC", "Accuracy", "AIC")

* checking Rd \usage sections ... OK
* checking Rd contents ... OK
* checking for unstated dependencies in examples ... OK
* checking examples ... [14s/14s] NOTE
Examples with CPU (user + system) or elapsed time > 5s
                     user system elapsed
OptimalModelSearch 11.182   0.44  11.671
* checking PDF version of manual ... WARNING
LaTeX errors when creating PDF version.
This typically indicates Rd problems.
* checking PDF version of manual without index ... ERROR
Re-running with no redirection of stdout/stderr.
* checking HTML version of manual ... NOTE
Found the following HTML validation problems:
OptimalModelSearch.html:15:44 (OptimalModelSearch.Rd:4): Error: <main> is not recognized!
OptimalModelSearch.html:15:44 (OptimalModelSearch.Rd:4): Warning: discarding unexpected <main>
OptimalModelSearch.html:142:1 (OptimalModelSearch.Rd:105): Warning: discarding unexpected </main>
OptimalModelSearch.html:4:1 (OptimalModelSearch.Rd:4): Warning: <link> inserting "type" attribute
OptimalModelSearch.html:12:1 (OptimalModelSearch.Rd:4): Warning: <script> proprietary attribute "onload"
OptimalModelSearch.html:12:1 (OptimalModelSearch.Rd:4): Warning: <script> inserting "type" attribute
OptimalModelSearch.html:17:1 (OptimalModelSearch.Rd:4): Warning: <table> lacks "summary" attribute
OptimalModelSearch.html:38:1 (OptimalModelSearch.Rd:18): Warning: <table> lacks "summary" attribute
OptimalModelSearch.html:80:1 (OptimalModelSearch.Rd:50): Warning: <table> lacks "summary" attribute
dot-draw_confusion_matrix.html:15:44 (dot-draw_confusion_matrix.Rd:5): Error: <main> is not recognized!
dot-draw_confusion_matrix.html:15:44 (dot-draw_confusion_matrix.Rd:5): Warning: discarding unexpected <main>
dot-draw_confusion_matrix.html:42:1 (dot-draw_confusion_matrix.Rd:10): Warning: discarding unexpected </main>
dot-draw_confusion_matrix.html:4:1 (dot-draw_confusion_matrix.Rd:5): Warning: <link> inserting "type" attribute
dot-draw_confusion_matrix.html:12:1 (dot-draw_confusion_matrix.Rd:5): Warning: <script> proprietary attribute "onload"
dot-draw_confusion_matrix.html:12:1 (dot-draw_confusion_matrix.Rd:5): Warning: <script> inserting "type" attribute
dot-draw_confusion_matrix.html:17:1 (dot-draw_confusion_matrix.Rd:5): Warning: <table> lacks "summary" attribute
dot-draw_confusion_matrix.html:35:1 (dot-draw_confusion_matrix.Rd:10): Warning: <table> lacks "summary" attribute
dot-plot_barplot_ind.html:15:44 (dot-plot_barplot_ind.Rd:5): Error: <main> is not recognized!
dot-plot_barplot_ind.html:15:44 (dot-plot_barplot_ind.Rd:5): Warning: discarding unexpected <main>
dot-plot_barplot_ind.html:54:1 (dot-plot_barplot_ind.Rd:16): Warning: discarding unexpected </main>
dot-plot_barplot_ind.html:4:1 (dot-plot_barplot_ind.Rd:5): Warning: <link> inserting "type" attribute
dot-plot_barplot_ind.html:12:1 (dot-plot_barplot_ind.Rd:5): Warning: <script> proprietary attribute "onload"
dot-plot_barplot_ind.html:12:1 (dot-plot_barplot_ind.Rd:5): Warning: <script> inserting "type" attribute
dot-plot_barplot_ind.html:17:1 (dot-plot_barplot_ind.Rd:5): Warning: <table> lacks "summary" attribute
dot-plot_barplot_ind.html:35:1 (dot-plot_barplot_ind.Rd:10): Warning: <table> lacks "summary" attribute
plot_descrip.html:15:44 (plot_descrip.Rd:5): Error: <main> is not recognized!
plot_descrip.html:15:44 (plot_descrip.Rd:5): Warning: discarding unexpected <main>
plot_descrip.html:118:1 (plot_descrip.Rd:78): Warning: discarding unexpected </main>
plot_descrip.html:4:1 (plot_descrip.Rd:5): Warning: <link> inserting "type" attribute
plot_descrip.html:12:1 (plot_descrip.Rd:5): Warning: <script> proprietary attribute "onload"
plot_descrip.html:12:1 (plot_descrip.Rd:5): Warning: <script> inserting "type" attribute
plot_descrip.html:17:1 (plot_descrip.Rd:5): Warning: <table> lacks "summary" attribute
plot_descrip.html:37:1 (plot_descrip.Rd:10): Warning: <table> lacks "summary" attribute
* checking for non-standard things in the check directory ... NOTE
Found the following files/directories:
  ‘binaryClass-manual.tex’
* checking for detritus in the temp directory ... OK
* DONE
Status: 1 ERROR, 5 WARNINGs, 7 NOTEs
